[oangosa2012.wixsite.com/gosa.html]
[oangosa2012.wixsite.com/index.html]
[oangosa2012.wixsite.com/t.1.delayed]
[oangosa2012.wixsite.com/e.2.delayed]
[backblue.gif]
[fade.gif]
[index.html]
[oangosa2012.wixsite.com/gosa/en.html]
[oangosa2012.wixsite.com/gosa/integrantes.html]
[oangosa2012.wixsite.com/gosa/áreas-de-investigación.html]
[oangosa2012.wixsite.com/gosa/publicaciones.html]
[oangosa2012.wixsite.com/gosa/tesis.html]
[oangosa2012.wixsite.com/gosa/eventos.html]
[oangosa2012.wixsite.com/gosa/divulgacion.html]
[oangosa2012.wixsite.com/gosa/acerca-de-gosa.html]
[static.wixstatic.com/media/addb59_52301d5ddd6a4eab905a21672f87c593_mv2.jpg/v1/fill/w_147,h_147,al_c,q_80,usm_0.66_1.00_0.01,blur_2,enc_avif,quality_auto/addb59_52301d5ddd6a4eab905a21672f87c593_mv2.jpg]
[static.wixstatic.com/media/addb59_47f0bd58e4674ec393eb4621cb1094c7f000.jpg/v1/fill/w_979,h_553,al_c,q_85,usm_0.66_1.00_0.01,enc_avif,quality_auto/addb59_47f0bd58e4674ec393eb4621cb1094c7f000.jpg]
[static.wixstatic.com/media/addb59_f790e332bdee4f39a5c31c2f1aed92ee_mv2.jpg/v1/crop/x_708,y_370,w_2320,h_1716/fill/w_295,h_218,al_c,q_80,usm_0.66_1.00_0.01,enc_avif,quality_auto/FotoGOSA.jpg]
[static.wixstatic.com/media/addb59_14540fea7fbc4289a9bc2ede012be074_mv2.png/v1/crop/x_165,y_0,w_510,h_375/fill/w_296,h_218,al_c,q_85,usm_0.66_1.00_0.01,enc_avif,quality_auto/solar-research_675x375.png]
[static.wixstatic.com/media/addb59_f00e1d2c112a456f8aad1452c23c7071_mv2.jpeg/v1/crop/x_178,y_4,w_1395,h_958/fill/w_313,h_215,al_c,q_80,usm_0.66_1.00_0.01,enc_avif,quality_auto/WhatsApp Image 2022-01-28 at 21_45_50.jpg]
[oangosa2012.wixsite.com/media/emptystate.85a4add5.10.delayed]
[static.wixstatic.com/media/addb59_fb51107e000649f4a2ace4762d1fbbe2_mv2.jpg/v1/fill/w_112,h_99,q_90,enc_avif,quality_auto/addb59_fb51107e000649f4a2ace4762d1fbbe2_mv2.jpg]
[static.wixstatic.com/media/addb59_e7361ebe16db4c649267742dccbef488_mv2.jpg/v1/fill/w_133,h_99,q_90,enc_avif,quality_auto/addb59_e7361ebe16db4c649267742dccbef488_mv2.jpg]
[static.wixstatic.com/media/addb59_5b647806fb61473f9aae490f81d8d42f_mv2.gif/v1/fill/w_250,h_251,q_90,enc_avif,quality_auto/addb59_5b647806fb61473f9aae490f81d8d42f_mv2.gif]
[static.wixstatic.com/media/addb59_af9ea1bb1b334094af143d3963584317_mv2.jpg/v1/fill/w_210,h_140,q_90,enc_avif,quality_auto/addb59_af9ea1bb1b334094af143d3963584317_mv2.jpg]
[static.wixstatic.com/media/addb59_54878188a3f04e70befba4e6f2903fcc_mv2.jpg/v1/fill/w_210,h_210,q_90,enc_avif,quality_auto/addb59_54878188a3f04e70befba4e6f2903fcc_mv2.jpg]
[static.wixstatic.com/media/addb59_ada6c92c0e8247fa8da41e086e1b358b_mv2.gif/v1/fill/w_256,h_257,q_90,enc_avif,quality_auto/addb59_ada6c92c0e8247fa8da41e086e1b358b_mv2.gif]
[static.wixstatic.com/media/addb59_a1219937b7344f95acd2142afa84a539_mv2.jpg/v1/fill/w_127,h_93,q_90,enc_avif,quality_auto/addb59_a1219937b7344f95acd2142afa84a539_mv2.jpg]
[static.wixstatic.com/media/addb59_0e2299e8f06f49339c5a9597e0be2b1f_mv2.jpg/v1/fill/w_124,h_93,q_90,enc_avif,quality_auto/addb59_0e2299e8f06f49339c5a9597e0be2b1f_mv2.jpg]
[static.wixstatic.com/media/addb59_bb1f5b0884b042c3a349ce8d0d748ee7_mv2.jpg/v1/fill/w_177,h_166,q_90,enc_avif,quality_auto/addb59_bb1f5b0884b042c3a349ce8d0d748ee7_mv2.jpg]
[static.wixstatic.com/media/addb59_d8fbadacba204318806239d3ff9f9e85_mv2.jpg/v1/fill/w_168,h_166,q_90,enc_avif,quality_auto/addb59_d8fbadacba204318806239d3ff9f9e85_mv2.jpg]
[static.wixstatic.com/media/addb59_3a0c1a21d86746fcbb86fea4153441a3_mv2.png/v1/fill/w_350,h_184,q_90,enc_avif,quality_auto/addb59_3a0c1a21d86746fcbb86fea4153441a3_mv2.png]
[static.wixstatic.com/media/23fd2a2be53141ed810f4d3dcdcd01fa.png/v1/fill/w_25,h_25,al_c,q_85,usm_0.66_1.00_0.01,enc_avif,quality_auto/23fd2a2be53141ed810f4d3dcdcd01fa.png]
[static.wixstatic.com/media/81af6121f84c41a5b4391d7d37fce12a.png/v1/fill/w_25,h_25,al_c,q_85,usm_0.66_1.00_0.01,enc_avif,quality_auto/81af6121f84c41a5b4391d7d37fce12a.png]
[oangosa2012.wixsite.com/2048px-Octicons-mark-github.1e.delayed]
[static.wixstatic.com/media/addb59_0126b80119de458bbcc72b3b7cfe072d_mv2.png/v1/fill/w_25,h_25,al_c,q_85,usm_0.66_1.00_0.01,enc_avif,quality_auto/addb59_0126b80119de458bbcc72b3b7cfe072d_mv2.png]
[static.wixstatic.com/media/addb59_f348baf2ea7544879c98a12d9af1eff7_mv2.png/v1/fill/w_102,h_95,al_c,q_85,usm_0.66_1.00_0.01,enc_avif,quality_auto/addb59_f348baf2ea7544879c98a12d9af1eff7_mv2.png]
[static.wixstatic.com/media/addb59_a78e9e0974e448959e65d465d459262f_mv2.jpg/v1/crop/x_59,y_328,w_946,h_442/fill/w_203,h_95,al_c,q_80,usm_0.66_1.00_0.01,enc_avif,quality_auto/Screenshot_20220128-124224_WhatsApp.jpg]
[static.wixstatic.com/media/23fd2a2be53141ed810f4d3dcdcd01fa.png/v1/fill/w_21,h_21,al_c,q_85,usm_0.66_1.00_0.01,enc_avif,quality_auto/23fd2a2be53141ed810f4d3dcdcd01fa.png]
[static.wixstatic.com/media/81af6121f84c41a5b4391d7d37fce12a.png/v1/fill/w_21,h_21,al_c,q_85,usm_0.66_1.00_0.01,enc_avif,quality_auto/81af6121f84c41a5b4391d7d37fce12a.png]
[static.wixstatic.com/media/01ab6619093f45388d66736ec22e5885.png/v1/fill/w_21,h_21,al_c,q_85,usm_0.66_1.00_0.01,enc_avif,quality_auto/01ab6619093f45388d66736ec22e5885.png]
[static.wixstatic.com/media/addb59_0126b80119de458bbcc72b3b7cfe072d_mv2.png/v1/fill/w_21,h_21,al_c,q_85,usm_0.66_1.00_0.01,enc_avif,quality_auto/addb59_0126b80119de458bbcc72b3b7cfe072d_mv2.png]
[oangosa2012.wixsite.com/window.location.26.delayed]
[oangosa2012.wixsite.com/sitemap.28.delayed]
[oangosa2012.wixsite.com/envelope/index.html]
[oangosa2012.wixsite.com/api/index.html]
[oangosa2012.wixsite.com/feed.29.delayed]
[oangosa2012.wixsite.com/decodeURIComponent(e.2a.delayed]
[oangosa2012.wixsite.com/gosa.html]
[oangosa2012.wixsite.com/index.html]
[oangosa2012.wixsite.com/t.html]
[oangosa2012.wixsite.com/e.html]
[oangosa2012.wixsite.com/gosa/t.2b.delayed]
[oangosa2012.wixsite.com/gosa/e.2c.delayed]
[oangosa2012.wixsite.com/gosa/en/integrantes.html]
[oangosa2012.wixsite.com/gosa/en/áreas-de-investigación.html]
[oangosa2012.wixsite.com/gosa/en/publicaciones.html]
[oangosa2012.wixsite.com/gosa/en/tesis.html]
[oangosa2012.wixsite.com/gosa/en/eventos.html]
[oangosa2012.wixsite.com/gosa/en/divulgacion.html]
[oangosa2012.wixsite.com/gosa/en/acerca-de-gosa.html]
[oangosa2012.wixsite.com/gosa/media/emptystate.85a4add5.34.delayed]
[oangosa2012.wixsite.com/gosa/2048px-Octicons-mark-github.35.delayed]
[oangosa2012.wixsite.com/gosa/window.location.36.delayed]
[oangosa2012.wixsite.com/gosa/robots.37.delayed]
[oangosa2012.wixsite.com/gosa/sitemap.xml]
[oangosa2012.wixsite.com/gosa/feed.39.delayed]
[oangosa2012.wixsite.com/gosa/decodeURIComponent(e.3a.delayed]
[oangosa2012.wixsite.com/gosa/en.html]
[static.wixstatic.com/media/addb59_f11bf82202fb41088f8ddf86c8ed0365_mv2.jpg/v1/fill/w_344,h_159,al_c,q_80,usm_0.66_1.00_0.01,enc_avif,quality_auto/Screenshot_20220128-124224_WhatsApp_edited.jpg]
[static.wixstatic.com/media/addb59_c7328125fd6c40a9bd3eb024f206e964_mv2.jpeg/v1/fill/w_216,h_217,al_c,q_80,usm_0.66_1.00_0.01,enc_avif,quality_auto/prof_santiago.jpg]
[static.wixstatic.com/media/addb59_fcc0c00f78d5465cb42d34b336bb077d_mv2.png/v1/fill/w_42,h_42,al_c,q_85,usm_0.66_1.00_0.01,enc_avif,quality_auto/addb59_fcc0c00f78d5465cb42d34b336bb077d_mv2.png]
[static.wixstatic.com/media/addb59_afd6749413c04b74b313c0d87308f2d2_mv2.jpeg/v1/fill/w_216,h_217,al_c,q_80,usm_0.66_1.00_0.01,enc_avif,quality_auto/prof_benjamin.jpg]
[static.wixstatic.com/media/addb59_a38f64f021cb434583bd36a85ab22707_mv2.jpeg/v1/fill/w_209,h_210,al_c,lg_1,q_80,enc_avif,quality_auto/Juan-Carlos-Martinez-Oliveros-e1520279239341.jpg]
[static.wixstatic.com/media/addb59_4edb9e4181b244808ae244d1edd41bb5_mv2.jpeg/v1/fill/w_216,h_217,al_c,q_80,usm_0.66_1.00_0.01,enc_avif,quality_auto/Dome-1-CC.jpg]
[static.wixstatic.com/media/11062b_7cf73902d06c4f3685c379a21c6c8285_mv2.png/v1/fill/w_42,h_42,al_c,q_85,usm_0.66_1.00_0.01,enc_avif,quality_auto/11062b_7cf73902d06c4f3685c379a21c6c8285_mv2.png]
[static.wixstatic.com/media/addb59_bf1bb05d8668402dacc419e40d8a7f97_mv2.jpeg/v1/fill/w_210,h_217,al_c,q_80,usm_0.66_1.00_0.01,enc_avif,quality_auto/WhatsApp Image 2022-01-28 at 22_59_12.jpg]
[static.wixstatic.com/media/addb59_4319fc6cd9984ecc9b91af65a13ffc52_mv2.png/v1/fill/w_216,h_217,al_c,q_85,usm_0.66_1.00_0.01,enc_avif,quality_auto/1052035761.png]
[static.wixstatic.com/media/addb59_f92ef54d46e04287a4cbc947094008a7_mv2.png/v1/fill/w_216,h_217,al_c,q_85,usm_0.66_1.00_0.01,enc_avif,quality_auto/Screenshot 2022-03-10 at 18_11_11.png]
[static.wixstatic.com/media/addb59_f7cf143ff73343c6890ea11cfc93497a_mv2.jpeg/v1/crop/x_0,y_0,w_1200,h_1240/fill/w_210,h_217,al_c,q_80,usm_0.66_1.00_0.01,enc_avif,quality_auto/WhatsApp Image 2021-10-03 at 00_06_27 (1).jpg]
[static.wixstatic.com/media/addb59_dcb1c77567d84f0aa749487609446b94_mv2.jpeg/v1/crop/x_0,y_28,w_395,h_395/fill/w_217,h_217,al_c,q_80,usm_0.66_1.00_0.01,enc_avif,quality_auto/WhatsApp Image 2022-03-10 at 06_19_25.jpg]
[static.wixstatic.com/media/addb59_c32e111fa34341179913e7694395c163_mv2.png/v1/crop/x_0,y_10,w_367,h_369/fill/w_216,h_217,al_c,q_85,usm_0.66_1.00_0.01,enc_avif,quality_auto/Screenshot 2022-03-10 at 18_33_31.png]
[static.wixstatic.com/media/addb59_b441c05d52e94b6eb84146a9a4ec4513_mv2.png/v1/fill/w_210,h_217,al_c,q_85,usm_0.66_1.00_0.01,enc_avif,quality_auto/Screenshot 2022-03-10 at 21_24_07.png]
[static.wixstatic.com/media/addb59_cff06f57aaae495e8582045a43d734a3_mv2.png/v1/fill/w_217,h_217,al_c,q_85,usm_0.66_1.00_0.01,enc_avif,quality_auto/imagen_2024-06-10_200625959.png]
[static.wixstatic.com/media/addb59_cff06f57aaae495e8582045a43d734a3_mv2.png/v1/fill/w_210,h_210,al_c,q_85,usm_0.66_1.00_0.01,enc_avif,quality_auto/imagen_2024-06-10_200625959.png]
[static.wixstatic.com/media/addb59_817f94486d5b441c95ce938917ae0db4_mv2.jpg/v1/crop/x_1,y_0,w_405,h_405/fill/w_217,h_217,al_c,q_80,usm_0.66_1.00_0.01,enc_avif,quality_auto/Foto4.jpg]
[static.wixstatic.com/media/addb59_2988b16ac3424a3d8957968a19c2060c_mv2.jpg/v1/fill/w_216,h_217,al_c,q_80,usm_0.66_1.00_0.01,enc_avif,quality_auto/Imagen de WhatsApp 2024-06-12 a las 18_52_13_a9ae04bb.jpg]
[static.wixstatic.com/media/addb59_027f6a0f743f4fb785f78873381e280c_mv2.jpg/v1/fill/w_210,h_217,al_c,q_80,usm_0.66_1.00_0.01,enc_avif,quality_auto/image0_edited.jpg]
[static.wixstatic.com/media/addb59_9100774557e440918d3daf93ad1c4e22_mv2.jpeg/v1/crop/x_0,y_95,w_540,h_542/fill/w_234,h_235,al_c,q_80,usm_0.66_1.00_0.01,enc_avif,quality_auto/JuanNiño.jpg]
[static.wixstatic.com/media/addb59_e31f8597abfc417f9a66806e95c8b548_mv2.jpeg/v1/fill/w_234,h_235,al_c,q_80,usm_0.66_1.00_0.01,enc_avif,quality_auto/Milena.jpg]
[static.wixstatic.com/media/addb59_cff06f57aaae495e8582045a43d734a3_mv2.png/v1/crop/x_10,y_0,w_619,h_640/fill/w_210,h_217,al_c,q_85,usm_0.66_1.00_0.01,enc_avif,quality_auto/imagen_2024-06-10_200625959.png]
[static.wixstatic.com/media/addb59_cff06f57aaae495e8582045a43d734a3_mv2.png/v1/fill/w_210,h_217,al_c,q_85,usm_0.66_1.00_0.01,enc_avif,quality_auto/imagen_2024-06-10_200625959.png]
[static.wixstatic.com/media/addb59_cff06f57aaae495e8582045a43d734a3_mv2.png/v1/fill/w_234,h_235,al_c,q_85,usm_0.66_1.00_0.01,enc_avif,quality_auto/imagen_2024-06-10_200625959.png]
[static.wixstatic.com/media/addb59_97269c1acd5c496780d201cd6f9645f0_mv2.jpg/v1/fill/w_216,h_217,al_c,q_80,usm_0.66_1.00_0.01,enc_avif,quality_auto/FotoGabrielaM_edited.jpg]
[static.wixstatic.com/media/addb59_576134201ba24150892e2474b015781b_mv2.png/v1/crop/x_164,y_65,w_398,h_411/fill/w_210,h_217,al_c,q_85,usm_0.66_1.00_0.01,enc_avif,quality_auto/Screen Shot 2022-03-12 at 12_21_40 PM.png]
[static.wixstatic.com/media/addb59_3a3ce917c8b94b6ba1f0ab36c89662c1_mv2.jpeg/v1/crop/x_124,y_0,w_816,h_821/fill/w_223,h_223,al_c,q_80,usm_0.66_1.00_0.01,enc_avif,quality_auto/WhatsApp Image 2022-02-26 at 10_15_04.jpg]
[static.wixstatic.com/media/addb59_cff06f57aaae495e8582045a43d734a3_mv2.png/v1/fill/w_223,h_223,al_c,q_85,usm_0.66_1.00_0.01,enc_avif,quality_auto/imagen_2024-06-10_200625959.png]
[static.wixstatic.com/media/addb59_4319fc6cd9984ecc9b91af65a13ffc52_mv2.png/v1/fill/w_217,h_217,al_c,q_85,usm_0.66_1.00_0.01,enc_avif,quality_auto/1052035761.png]
[static.wixstatic.com/media/addb59_f92ef54d46e04287a4cbc947094008a7_mv2.png/v1/crop/x_0,y_11,w_311,h_312/fill/w_216,h_217,al_c,q_85,usm_0.66_1.00_0.01,enc_avif,quality_auto/Screenshot 2022-03-10 at 18_11_11.png]
[static.wixstatic.com/media/addb59_f7cf143ff73343c6890ea11cfc93497a_mv2.jpeg/v1/crop/x_0,y_180,w_1200,h_1240/fill/w_210,h_217,al_c,q_80,usm_0.66_1.00_0.01,enc_avif,quality_auto/WhatsApp Image 2021-10-03 at 00_06_27 (1).jpg]
[static.wixstatic.com/media/addb59_f7199d161b9b4b028a80831b3f5fc88e_mv2.jpg/v1/crop/x_1,y_0,w_398,h_400/fill/w_216,h_217,al_c,q_80,usm_0.66_1.00_0.01,enc_avif,quality_auto/perfil.jpg]
[static.wixstatic.com/media/addb59_a758579498f3445eaa29d4972cc67e51_mv2.png/v1/fill/w_216,h_217,al_c,q_85,usm_0.66_1.00_0.01,enc_avif,quality_auto/Screenshot 2022-03-11 at 21_23_41.png]
[static.wixstatic.com/media/addb59_d2f502b8e26a4f88a9ba3b653cca0668_mv2.png/v1/fill/w_216,h_217,al_c,q_85,usm_0.66_1.00_0.01,enc_avif,quality_auto/Screenshot 2022-03-10 at 18_05_25.png]
[static.wixstatic.com/media/addb59_7dc4dabd9ada454b93a36d1cc8c7afc5_mv2.jpg/v1/crop/x_0,y_160,w_960,h_960/fill/w_217,h_217,al_c,q_80,usm_0.66_1.00_0.01,enc_avif,quality_auto/Nicolas.jpg]
[static.wixstatic.com/media/addb59_d2fc96f6601542a398d69802ab30d1be_mv2.jpg/v1/crop/x_0,y_0,w_635,h_639/fill/w_216,h_217,al_c,q_80,usm_0.66_1.00_0.01,enc_avif,quality_auto/erika puentes_edited.jpg]
[static.wixstatic.com/media/addb59_8f3f94371e45418da4a1834228613d15_mv2.jpg/v1/crop/x_0,y_0,w_1200,h_1242/fill/w_210,h_217,al_c,q_80,usm_0.66_1.00_0.01,enc_avif,quality_auto/WhatsApp Image 2022-03-10 at 17_40_edited.jpg]
[static.wixstatic.com/media/addb59_da82c19617444e269885328a8942165c_mv2.png/v1/crop/x_0,y_139,w_952,h_951/fill/w_217,h_217,al_c,q_85,usm_0.66_1.00_0.01,enc_avif,quality_auto/Jefferson.png]
[static.wixstatic.com/media/addb59_c9364fcddbfb4977bb57e5cea2ec69ce_mv2.jpg/v1/crop/x_0,y_159,w_1200,h_1200/fill/w_210,h_210,al_c,q_80,usm_0.66_1.00_0.01,enc_avif,quality_auto/image_edited.jpg]
[static.wixstatic.com/media/addb59_478e8231679d413890f743afa6fc9174_mv2.jpg/v1/fill/w_210,h_217,al_c,q_80,usm_0.66_1.00_0.01,enc_avif,quality_auto/IMG_20220312_131714075.jpg]
[static.wixstatic.com/media/addb59_cff06f57aaae495e8582045a43d734a3_mv2.png/v1/crop/x_1,y_0,w_637,h_640/fill/w_216,h_217,al_c,q_85,usm_0.66_1.00_0.01,enc_avif,quality_auto/imagen_2024-06-10_200625959.png]
[static.wixstatic.com/media/addb59_b441c05d52e94b6eb84146a9a4ec4513_mv2.png/v1/crop/x_0,y_2,w_397,h_397/fill/w_217,h_217,al_c,q_85,usm_0.66_1.00_0.01,enc_avif,quality_auto/Screenshot 2022-03-10 at 21_24_07.png]
[oangosa2012.wixsite.com/gosa/integrantes.html]
[static.wixstatic.com/media/addb59_f11bf82202fb41088f8ddf86c8ed0365_mv2.jpg/v1/fill/w_345,h_160,al_c,q_80,usm_0.66_1.00_0.01,enc_avif,quality_auto/Screenshot_20220128-124224_WhatsApp_edited.jpg]
[static.wixstatic.com/media/addb59_a963a6d632e54ed6b15ec2c77a66298df000.jpg/v1/fill/w_111,h_113,al_c,q_80,usm_0.66_1.00_0.01,blur_2,enc_avif,quality_auto/addb59_a963a6d632e54ed6b15ec2c77a66298df000.jpg]
[static.wixstatic.com/media/addb59_adb5e52f7b2c47f0bd40b4dca796dc27_mv2.jpeg/v1/fill/w_111,h_87,al_c,q_80,usm_0.66_1.00_0.01,blur_2,enc_avif,quality_auto/addb59_adb5e52f7b2c47f0bd40b4dca796dc27_mv2.jpg]
[static.wixstatic.com/media/addb59_648508636d0946e6b2403c83322129be_mv2.jpeg/v1/fill/w_111,h_79,al_c,q_80,usm_0.66_1.00_0.01,blur_2,enc_avif,quality_auto/addb59_648508636d0946e6b2403c83322129be_mv2.jpg]
[static.wixstatic.com/media/addb59_cb0e1365c6b248919d6b12faf0004060_mv2.png/v1/fill/w_62,h_41,al_c,q_85,usm_0.66_1.00_0.01,blur_2,enc_avif,quality_auto/addb59_cb0e1365c6b248919d6b12faf0004060_mv2.png]
[static.wixstatic.com/media/addb59_c6d5760211204dfface04280959008ee_mv2.jpg/v1/fill/w_111,h_111,al_c,q_80,usm_0.66_1.00_0.01,blur_2,enc_avif,quality_auto/addb59_c6d5760211204dfface04280959008ee_mv2.jpg]
[static.wixstatic.com/media/addb59_9832bc90274d4c59ad6ecdfa109d03b4_mv2.jpg/v1/fill/w_111,h_93,al_c,q_80,usm_0.66_1.00_0.01,blur_2,enc_avif,quality_auto/addb59_9832bc90274d4c59ad6ecdfa109d03b4_mv2.jpg]
[static.wixstatic.com/media/addb59_8daa56bf3eec4109b1200f56d1657d96_mv2.png/v1/fill/w_62,h_31,al_c,q_85,usm_0.66_1.00_0.01,blur_2,enc_avif,quality_auto/addb59_8daa56bf3eec4109b1200f56d1657d96_mv2.png]
[static.wixstatic.com/media/addb59_780d8da7a1df418fb242eae87abd0779_mv2.png/v1/fill/w_62,h_36,al_c,q_85,usm_0.66_1.00_0.01,blur_2,enc_avif,quality_auto/addb59_780d8da7a1df418fb242eae87abd0779_mv2.png]
[oangosa2012.wixsite.com/gosa/áreas-de-investigación.html]
[oangosa2012.wixsite.com/gosa/publicaciones.html]
[oangosa2012.wixsite.com/gosa/tesis.html]
[oangosa2012.wixsite.com/gosa/eventos.html]
[static.wixstatic.com/media/addb59_96afd3e6acbd4fb29cd60bcda627ee0a_mv2.jpg/v1/fill/w_123,h_88,al_c,q_80,usm_0.66_1.00_0.01,blur_2,enc_avif,quality_auto/addb59_96afd3e6acbd4fb29cd60bcda627ee0a_mv2.jpg]
[static.wixstatic.com/media/addb59_d184944df8c242a8827b3ca202655bd6_mv2.png/v1/fill/w_122,h_46,al_c,q_85,usm_0.66_1.00_0.01,blur_2,enc_avif,quality_auto/addb59_d184944df8c242a8827b3ca202655bd6_mv2.png]
[oangosa2012.wixsite.com/gosa/divulgacion.html]
[static.wixstatic.com/media/addb59_8a26102cec9e477485f3f1acc2bef59b_mv2.jpg/v1/fill/w_980,h_627,al_c,q_85,usm_0.66_1.00_0.01,enc_avif,quality_auto/addb59_8a26102cec9e477485f3f1acc2bef59b_mv2.jpg]
[oangosa2012.wixsite.com/gosa/acerca-de-gosa.html]
[oangosa2012.wixsite.com/media/emptystate.85a4add5.html]
[oangosa2012.wixsite.com/2048px-Octicons-mark-github.html]
[static.wixstatic.com/media/index.html]
[oangosa2012.wixsite.com/window.location.html]
[static.wixstatic.com/media]
[static.wixstatic.com/index.html]
[oangosa2012.wixsite.com/api/index.html]
[oangosa2012.wixsite.com/envelope/index.html]
[oangosa2012.wixsite.com/sitemap.html]
[oangosa2012.wixsite.com/feed.html]
[oangosa2012.wixsite.com/decodeURIComponent(e.html]
[oangosa2012.wixsite.com/gosa/t.html]
[oangosa2012.wixsite.com/gosa/e.html]
[oangosa2012.wixsite.com/gosa/en/t.71.delayed]
[oangosa2012.wixsite.com/gosa/en/e.72.delayed]
[oangosa2012.wixsite.com/gosa/en/2048px-Octicons-mark-github.73.delayed]
[oangosa2012.wixsite.com/gosa/en/window.location.74.delayed]
[oangosa2012.wixsite.com/gosa/en/robots.75.delayed]
[oangosa2012.wixsite.com/gosa/en/sitemap.76.delayed]
[oangosa2012.wixsite.com/gosa/en/feed.77.delayed]
[oangosa2012.wixsite.com/gosa/en/decodeURIComponent(e.78.delayed]
[oangosa2012.wixsite.com/gosa/en/integrantes.html]
[oangosa2012.wixsite.com/gosa/en/áreas-de-investigación.html]
[oangosa2012.wixsite.com/gosa/en/publicaciones.html]
[oangosa2012.wixsite.com/gosa/en/tesis.html]
[oangosa2012.wixsite.com/gosa/en/eventos.html]
[oangosa2012.wixsite.com/gosa/en/divulgacion.html]
[oangosa2012.wixsite.com/gosa/en/acerca-de-gosa.html]
[oangosa2012.wixsite.com/gosa/media/emptystate.85a4add5.html]
[oangosa2012.wixsite.com/gosa/2048px-Octicons-mark-github.html]
[oangosa2012.wixsite.com/gosa/window.location.html]
[oangosa2012.wixsite.com/gosa/robots.html]
[oangosa2012.wixsite.com/gosa/feed.html]
[oangosa2012.wixsite.com/gosa/decodeURIComponent(e.html]
[oangosa2012.wixsite.com/gosa/en/t.html]
[oangosa2012.wixsite.com/gosa/en/e.html]
[oangosa2012.wixsite.com/gosa/en/2048px-Octicons-mark-github.html]
[oangosa2012.wixsite.com/gosa/en/window.location.html]
[oangosa2012.wixsite.com/gosa/en/robots.html]
[oangosa2012.wixsite.com/gosa/en/sitemap.html]
[oangosa2012.wixsite.com/gosa/en/feed.html]
[oangosa2012.wixsite.com/gosa/en/decodeURIComponent(e.html]
